1000000000 0
103 538118
113 837407
211 662263
291 338424
320 209750
377 473746
490 1271675
592 93332
716 802422
959 1464736
998 510047
1075 6348636
1233 74411
1264 2346662
1325 1163226
1358 170042
1419 1042897
1491 2906039
1752 454164
1839 1345875
1900 1211561
1910 1436711
1986 466817
2062 2241516
2085 1618129
2143 3070853
2172 2760774
2239 902503
2320 455584
2351 142852
2417 2544021
2599 424089
2619 1213433
2792 815883
2813 917583
2864 549969
2985 648009
3203 896638
3232 1463999
3371 202187
3409 753663
3487 293348
3507 188512
3562 353178
3741 816034
3771 116647
3990 202433
4098 3844407
4124 1285525
4226 1101610
4271 577172
4485 2056000
4500 1869992
4590 476926
4719 750739
4751 1066289
4925 485492
5159 190360
5531 2281488
5623 372070
5881 2560996
6481 263131
6484 1041695
6543 670620
6654 1668307
6660 566900
6831 1809716
6833 70821
6939 1049623
7030 1103160
7245 2223959
7326 130036
7602 31986
7743 749747
7750 336812
7818 1330534
7868 156483
7938 1240555
8126 2727208
8150 3060014
8449 1492106
8504 1632773
8623 657065
8910 1051672
9084 125749
9097 1320127
9231 1465128
9295 66408
9315 1335589
9404 2340164
9445 188565
9545 3035576
9559 1664640
9573 1151415
9711 163578
10062 2494990
10070 59957
10149 3032544
10232 159875
10501 312441
10642 374630
10666 1570092
10706 3402880
10730 127288
10926 337289
11001 2346217
11046 261268
11244 55254
11497 1304253
11523 83243
11616 1251655
11692 2969219
11706 707687
11739 481061
11819 771164
11862 1113657
11980 188095
11988 386856
12018 536699
12041 565318
12150 1727699
12171 49217
12217 1028661
12292 179099
12309 4716435
12343 1468409
12445 15242
12532 1215209
12694 868146
12738 59191
12774 2384044
12813 518413
12841 2080180
12869 271712
13194 40540
13338 372397
13379 1844614
13500 669823
13543 1306229
13580 677347
13633 448548
13684 809581
13752 1077581
13782 2093661
14152 1808284
14319 1442555
14678 400320
14696 1785248
14752 659487
14775 859285
14785 777474
14790 690658
14797 2516817
14952 208152
14973 1928339
14996 1253694
15111 2319976
15136 474644
15138 729906
15209 35988
15217 587629
15340 941447
15529 90980
15582 300867
15608 21026
15849 324380
15875 88128
15882 1170462
15925 475427
15932 254551
16035 904489
16325 950537
16426 1227977
16645 847914
16926 1138969
17055 413776
17180 107194
17375 2691237
17480 202263
17540 5484243
17599 2106715
17640 293364
17694 2000570
17861 2195126
17966 3796106
18034 117130
18170 2113172
18288 867413
18479 1057261
18532 212399
18576 897523
18608 239117
18616 2633184
18704 700888
18734 131949
18812 1936627
18856 163994
19064 438592
19203 26007
19441 449405
19453 24262
19710 3361355
19796 312596
19800 1058164
19904 1323275
20227 815020
20349 383436
20515 1502
20612 369783
20725 963377
20905 1771064
20969 2621259
21020 386397
21023 199824
21029 4191631
21093 486518
21141 2219903
21476 571544
21593 764649
21643 130553
21702 1615477
21960 2392025
21985 303596
22044 1104472
22271 778089
22340 487742
22361 42326
22523 1204808
22648 533617
22704 497204
22741 305568
23207 349975
23210 466063
23239 1631816
23336 79883
23382 664277
23557 836025
23636 2197488
23706 41646
23753 823360
23900 171392
24180 1910598
24289 6600
24302 649235
24394 55843
24452 352548
24576 684391
24658 147482
24887 1751850
25004 2651048
25036 2017792
25178 422854
25211 3139036
25390 30365
25588 6061
25672 186200
25674 28
25815 2055014
26172 757464
26193 840700
26240 1152579
26285 172461
26302 496630
26350 3736353
26501 309538
26590 701569
26600 1790534
26673 1831750
26678 1636792
26791 117551
26925 764243
26980 283565
27311 857431
27321 272353
27453 683958
27476 841017
27572 1016544
27667 436836
27685 723150
27862 3410616
27939 511639
27985 446019
28021 133091
28071 136948
28089 834797
28107 5033795
28112 2851825
28164 728865
28776 898890
28785 822762
28828 259289
28901 5226652
29100 36235
29126 1219941
29149 1230139
29255 1360878
29385 373270
29418 1211781
29754 4181038
29762 1944523
29824 749356
29835 2539503
30068 404425
30106 3074568
30132 91767
30187 1243840
30208 727990
30220 236759
30228 430609
30245 114315
30280 812048
30314 1528108
30518 523695
30547 855565
30604 1846357
30780 702200
30821 3503170
30833 540516
31096 438597
31166 585127
31293 323284
31687 442089
31721 4091145
31814 342831
32055 167210
32072 1336909
32073 956214
32129 217947
32417 696140
32468 493120
32572 596705
32586 1838957
32616 2451013
32664 1913982
32756 355209
32764 134132
32884 1116781
32984 529696
33119 112761
33123 103496
33200 604449
33368 1133455
33814 610630
33830 20171
33863 191777
33972 2732482
34091 2799957
34301 717026
34332 80813
34372 2709673
34613 1258894
34783 1001526
34817 3223047
34925 835203
35177 889639
35180 831573
35251 431223
35252 62821
35276 685217
35422 1487198
35476 1870569
35568 264271
35584 23321
35809 202542
35848 869207
35869 466656
36291 1059048
36309 365099
36310 1773429
36714 2561351
37070 1145014
37141 38834
37251 1121
37348 979313
37791 1870050
37798 329618
37844 1180329
38035 44942
38081 600617
38104 1906440
38126 975268
38175 1617936
38297 1041277
38598 149343
38743 1901079
38898 643226
38967 387470
39285 1588703
39354 656118
39377 2418500
39484 1036627
39491 812091
39572 478192
39885 1477347
39964 2002810
40010 694997
40161 1315276
40201 542353
40312 1045052
40327 1094871
40339 781556
40378 3518203
40392 1474454
40716 337717
40727 711643
40876 560320
41070 194954
41395 1079768
41422 73728
41464 1275631
41707 1473372
41760 3376399
41926 226168
42115 1774458
42121 23891
42202 843007
42250 1335698
42278 184628
42467 731882
42473 4658803
42485 2506728
42815 475097
42897 636864
42975 106056
43111 333624
43260 807147
43508 124776
43520 592254
43524 660038
43626 603463
43809 366184
43893 606498
43952 730846
44087 2286750
44253 1025121
44295 1884134
44324 229907
44378 31424
44391 105049
44610 104850
44982 364459
45084 5252873
45110 288320
45115 413648
45251 550632
45385 845490
45838 635528
45913 174607
46056 566734
46143 817150
46183 883250
46432 2551734
46477 57414
46538 1099697
46747 59405
46877 3400051
47388 1918548
47406 765839
47965 214522
48044 1489482
48180 121908
48287 498031
48289 4379195
48342 396611
48406 412028
48491 1426644
48536 2367478
48642 2310953
48805 539627
48815 425500
48820 177003
49126 71351
49149 90225
49174 75204
49239 1733967
49466 307604
49554 145454
49703 2197916
49915 511268
50031 1403610
50071 1054980
50205 4526988
50355 241547
50481 218277
50531 196324
50567 258079
50740 611888
50758 378923
50800 103915
50803 2103409
50834 212849
50866 966455
50954 2172553
50995 1131843
51164 1582890
51222 2054153
51333 449149
51338 280845
51343 423397
51471 684943
51529 333618
51604 1149203
51626 729676
51648 521156
51675 116601
51745 980995
51846 629367
51885 826139
51886 153912
51940 347323
51968 1930266
52032 1060393
52076 2103761
52145 1806747
52157 1947899
52200 204967
52247 604518
52263 103919
52277 959502
52310 412646
52335 6185913
52428 3721296
52722 1518901
52783 360733
52856 833617
52874 436628
53104 814725
53502 698037
53593 827056
53720 407797
53758 95545
53797 342294
53846 1079
53906 3541717
53972 2264067
53985 751739
53987 563821
54234 83494
54292 920411
54382 1378216
54666 1083717
54736 272165
54757 2058853
54781 867597
54836 263260
55196 106850
55297 1075445
55341 335557
55346 1808321
55392 1693452
55431 793533
55498 482274
55618 210678
55692 1325698
55808 1245206
55978 468102
56145 610154
56183 976214
56508 301021
56516 1295081
56574 1259124
56596 2916345
56703 299449
56987 465041
57108 1098223
57113 1620691
57163 79734
57168 997751
57308 831027
57333 2115060
57346 383808
57373 470037
57600 807680
57672 557415
57723 1169093
57763 386141
57788 1652944
57852 527740
58019 458802
58057 1323132
58174 117231
58302 956308
58305 2096449
58311 2757913
58368 550641
58430 421020
58439 171331
58570 1551314
58639 351802
58683 1381435
58893 383427
58978 1211923
59049 1498467
59174 1781256
59246 1201695
59263 87878
59372 428292
59393 1533482
59531 1027775
59698 2249464
59795 971905
59888 710935
59892 1554685
59971 233411
60093 1030137
60239 2605699
60344 6960
60359 794633
60425 400299
60426 27397
60528 115200
60666 1232660
60759 1643517
60844 275280
60848 249564
61121 1011062
61138 173152
61181 820994
61250 2294896
61373 1801787
61404 3267324
61533 341171
61612 628593
61786 110536
61787 445630
61815 534216
61820 1714083
61844 14697
61937 577195
62056 2485569
62190 82082
62352 189192
62377 339426
62416 362615
62418 2125213
62440 1799653
62450 3191384
62475 477855
62653 1124091
63110 1029595
63128 257521
63201 1562904
63346 1177174
63452 2434718
63484 50509
63738 291753
63762 1865013
63776 1264514
63832 490433
63885 1427117
63914 402245
63946 439904
63948 735431
64007 157959
64008 108572
64130 124374
64381 126543
64419 5451
64779 319682
64798 625933
64858 1147462
64967 1200521
65245 35647
65275 475717
65289 660286
65445 316112
65543 21924
65600 719239
65652 1175454
65688 212475
65790 99718
65800 555643
65922 1078437
66013 406440
66018 74416
66062 936775
66067 934729
66127 2513234
66176 784808
66256 1124578
66284 2098676
66300 788608
66563 4330030
66575 387315
66652 673940
66669 2127088
66960 68539
67158 406526
67232 2088561
67251 599343
67351 84449
67618 14813
67619 939943
67733 550593
67765 1828129
67801 2412977
67817 342954
67895 4294442
67993 739666
68076 751348
68169 2200727
68210 1049603
68419 1054352
68464 730221
68489 274546
68520 307035
68529 66835
68667 2671563
68719 1547513
68847 471710
68852 135748
68859 527135
68942 331350
68949 72422
69183 853332
69237 6269693
69347 3897
69516 2100448
69652 130537
69661 280210
69681 1388062
69865 1091747
69875 2269336
69910 534545
70059 1380888
70100 42872
70353 620613
70426 2709883
70564 616053
70608 628433
71158 908216
71274 233068
71465 1495336
71519 126278
71533 310157
71796 2786707
71835 2268308
72153 260130
72179 1066786
72357 332459
72428 2104107
72473 329805
72564 1601671
72651 242834
72672 636052
72755 93132
72829 1529272
73140 882000
73165 387361
73213 18999
73314 47953
73444 204307
73466 525762
73640 426889
73962 1023796
73995 414452
74045 2431592
74097 841209
74231 1800336
74248 270563
74453 369109
74460 861552
74563 256819
74660 41314
74799 2106501
74909 468187
75140 1521962
75285 254539
75341 790961
75352 185932
75611 1962394
75662 1377413
75682 514757
75724 155561
75797 1211825
75880 799236
75916 658541
76023 2543687
76151 989589
76247 1556050
76338 794022
76409 2419978
76460 295883
76539 267137
76542 232418
76659 114946
76675 1764548
76938 17373
77220 773350
77231 45143
77385 146369
77549 780441
77553 180022
77629 173976
77848 496636
77939 31487
78031 2791640
78061 130885
78190 441402
78307 778619
78421 320954
78427 223283
78465 1533741
78502 3666288
78613 1673765
78666 233681
78936 211929
78966 227274
79197 127239
79665 1965578
79707 116040
79765 105258
79907 4227259
80008 217739
80024 293218
80132 2483053
80144 544247
80347 4303089
80356 179746
80411 668833
80443 194104
80528 268264
80534 170786
80653 2578193
80778 593587
81165 894991
81204 494118
81211 507064
81342 1762881
81389 89289
81501 806211
81582 1095570
81599 719389
81615 298967
81642 168996
81718 107255
81771 1073286
81810 274282
81961 881495
82004 4676441
82167 1685933
82323 4160736
82408 508525
82425 1160181
82679 361494
82762 739599
82903 2976770
82932 1069596
82990 433239
83000 988067
83038 2300561
83041 906067
83135 873358
83322 3809265
83375 112210
83696 836307
83804 954269
83821 359289
83915 86332
84210 2000094
84305 944166
84400 302355
84590 1331226
84611 495219
84698 1110980
84715 326512
84719 1396987
84722 92026
84782 232210
84934 1585672
84960 626475
84973 247638
85005 182685
85113 1236841
85114 377286
85241 621067
85363 325497
85538 2075018
85762 1218556
85969 163029
85996 1460368
86009 293575
86023 1106179
86349 1215650
86377 412127
86417 442259
86448 1396091
86485 388028
86505 784279
86678 2161446
86703 180399
86720 107573
86741 2490973
86993 96222
87142 321958
87180 1934422
87306 204233
87316 335870
87343 1440865
87662 343410
87702 39680
87777 24132
87784 323439
87827 2083723
87862 1509639
87934 838710
87952 612656
88441 1538351
88759 1045777
88895 1564780
88913 78674
88937 1092837
89005 493134
89156 178006
89543 432262
89597 732601
89878 553191
89897 14358
89982 3059345
90205 116859
90421 108022
90590 685295
90618 563269
90659 987427
90719 918907
90846 658462
90986 78777
91138 349924
91203 997767
91233 554112
91314 887726
91419 1188123
91551 384065
91557 2005461
91940 442539
92149 1756650
92191 1022615
92199 130557
92200 1356152
92210 1282507
92280 704518
92427 1007755
92471 158786
92607 1194468
92677 1709713
92707 283712
93128 591724
93365 872605
93457 726187
93566 169381
93638 150603
93764 594529
93782 325782
93891 1797322
94002 2089647
94475 2236130
94632 3278157
94644 35097
94682 889865
94741 346340
94821 663645
95060 468956
95141 267797
95194 379723
95210 676361
95268 489431
95432 65542
95435 24121
95465 6727912
95472 1243005
95567 16028
95574 72460
95722 66863
95784 484413
95841 1612137
96246 651783
96324 800082
96446 1948944
96545 188281
96571 2717764
96675 1094656
96682 1481358
96806 665203
96882 5689930
96941 1389467
96944 122692
96957 215298
97360 61803
97384 1938964
97524 52830
97649 1180524
97722 698843
97952 736773
98028 29350
98030 1173387
98053 1114864
98069 1097071
98156 914541
98256 477073
98359 850
98552 2005144
