1000000000 0
7 197242
8 513575
9 758633
12 21696
20 1021364
22 569219
24 271400
27 254213
30 603259
34 89222
36 925011
37 327728
38 215865
40 280154
48 588446
50 30310
54 932968
60 54322
64 283015
68 523200
72 553921
76 94230
77 689252
85 624017
91 294310
92 635458
93 650048
97 438917
98 82594
99 128072
100 276120
105 850306
108 354604
110 192392
118 64716
121 290458
122 171619
123 30703
125 1410
130 80185
137 48568
151 226855
153 277646
154 524695
161 747092
167 201243
171 1105864
172 6164
174 104608
178 23842
181 20020
184 1059727
190 44800
192 234511
195 552132
198 396385
199 443146
209 283984
216 198765
230 165951
232 509365
237 450568
238 979948
246 481832
250 27187
254 52108
257 66332
261 614966
262 603058
265 118182
269 86328
271 171314
274 254869
275 226264
278 6093
279 143623
281 631622
284 70860
288 155684
290 187088
297 233498
299 132958
306 455401
309 255611
311 211533
312 323590
314 395708
318 26402
319 1468967
321 827440
324 145854
325 82734
326 396411
334 84444
335 793502
336 890687
337 111991
338 51599
339 261570
340 478495
345 95863
346 141330
347 592210
349 89908
355 120181
357 42893
359 288301
365 396841
367 452041
372 906199
374 1160984
376 62023
378 135065
379 414155
380 78921
381 699567
390 579275
393 602503
394 405004
395 557879
396 399159
399 236211
402 833846
403 25610
409 53973
420 117183
424 23876
426 357948
428 17696
438 74988
444 250671
446 110855
447 525636
448 381342
449 98582
452 704232
455 51257
456 738644
460 132849
464 76653
471 4178
479 700856
480 64147
483 424064
486 38436
488 395628
489 282990
492 516390
493 106289
495 173438
497 166179
499 411851
500 110369
504 47763
507 740606
508 3394
511 423642
512 718094
514 100197
516 40602
518 695161
519 148799
521 110532
528 1567845
530 62769
531 98795
537 2005441
538 835664
539 18066
542 122351
551 194091
552 123039
555 805353
556 259861
568 17372
571 116570
572 620330
575 1293709
586 16560
587 556379
588 89421
589 484586
590 499334
593 199430
595 320945
598 3397
600 25605
606 194652
611 474814
614 119872
620 119438
624 516237
626 147601
629 273485
631 739207
633 254433
635 632573
637 794970
642 415423
644 72110
650 159347
656 548910
657 60017
659 166776
660 228047
661 16887
662 101397
663 347689
664 111419
665 372539
666 610990
673 235615
680 278080
681 63045
684 538174
686 339935
689 45456
693 308514
695 8918
696 1020103
698 226348
699 362523
705 1365144
716 409558
723 371923
724 555975
727 122387
740 147507
741 142730
743 28199
750 13359
754 75448
755 945403
756 81570
764 756354
780 161339
782 241719
785 1423383
787 90339
788 658994
789 979264
790 121389
791 343399
794 282101
798 407938
801 112644
806 147817
807 435170
809 1109808
811 34696
813 112921
817 1032041
820 36020
830 343174
831 387123
835 77865
837 100833
839 1080896
843 404362
847 673235
851 168880
852 246146
853 251750
854 333485
855 599819
858 62563
860 761429
863 308322
871 732168
879 179686
880 192831
882 354525
886 108952
887 140378
889 871401
892 364889
893 321
894 554
895 358133
897 68596
900 84476
901 286142
902 346313
911 95366
913 69532
915 246521
919 134537
920 192630
923 220386
925 467945
928 196651
930 925457
943 488949
947 238629
949 61134
958 153424
960 278714
961 108897
964 62207
967 641007
968 461044
971 1787998
974 32239
980 409728
981 283940
986 693399
991 28418
993 15993
996 438471
1003 618949
1006 286536
1007 488681
1008 756822
1010 422145
1016 398139
1017 428853
1019 31494
1020 166278
1023 622371
1025 7738
1026 266369
1027 93656
1030 178762
1036 34423
1038 165376
1042 197982
1043 838044
1044 951497
1047 660308
1051 51605
1055 90706
1057 462456
1058 56085
1062 73691
1064 588601
1065 247691
1073 373853
1077 391269
1079 238121
1080 25995
1084 206464
1085 131421
1093 128554
1094 83061
1095 284319
1096 439090
1097 9063
1102 174703
1105 754452
1109 1015
1111 16982
1116 247775
1117 41124
1118 1585874
1119 316330
1123 40832
1126 194725
1131 335498
1132 212461
1133 204038
1134 181950
1136 938431
1138 429220
1140 434148
1147 773706
1149 565408
1150 41179
1151 21991
1155 295440
1160 298897
1161 1023334
1165 974451
1169 453564
1172 395564
1173 777947
1181 100783
1183 545339
1186 1088375
1187 428910
1191 382647
1196 56434
1198 283479
1203 75406
1205 2341300
1206 80834
1209 150521
1211 394849
1217 63968
1221 84744
1226 62061
1228 715800
1230 547425
1237 54042
1240 72811
1252 48741
1254 186117
1256 109322
1267 192361
1271 167581
1274 23705
1278 342866
1280 128070
1284 117297
1285 217549
1289 303829
1290 349319
1300 98595
1310 159196
1315 307502
1316 265305
1318 105870
1325 499097
1326 298236
1327 437547
1329 233592
1330 59229
1331 91782
1332 71330
1333 108055
1335 214547
1336 239248
1338 1198151
1340 511685
1341 67985
1344 23170
1354 1132604
1358 77252
1360 129837
1361 788642
1363 454473
1370 471995
1371 29628
1374 100272
1376 35392
1378 451797
1390 13867
1393 223718
1400 25643
1401 585556
1402 100931
1403 276927
1410 272679
1417 33158
1423 299831
1424 73236
1427 117703
1428 267623
1433 343639
1436 809137
1437 401599
1439 10394
1440 24035
1443 185572
1447 969635
1451 813744
1455 91890
1462 35555
1463 549670
1469 195252
1471 886936
1475 198028
1477 92853
1478 347638
1480 407336
1486 213312
1491 515615
1492 18666
1499 294667
1500 630581
1505 249918
1509 192195
1523 86709
1526 48784
1527 29554
1530 458869
1532 443982
1536 47276
1538 126012
1545 232608
1550 132561
1552 120332
1553 94007
1557 293774
1560 419292
1561 154963
1570 3962
1571 12588
1577 1071851
1578 677959
1584 553262
1592 479757
1595 119862
1603 409811
1605 594278
1613 814314
1616 107200
1618 451182
1621 1542
1626 251318
1630 44157
1644 154681
1651 390665
1653 60727
1656 54496
1659 14464
1662 336995
1665 158038
1668 142815
1674 20269
1675 307424
1679 156483
1685 925594
1686 127257
1689 958379
1690 290587
1693 208589
1696 164425
1698 165966
1699 135325
1702 168065
1703 131058
1713 267
1726 260928
1731 92541
1732 137661
1736 654272
1737 192256
1738 383324
1739 71623
1740 27686
1743 711086
1745 38858
1748 941025
1760 239911
1764 304358
1765 131849
1767 173856
1775 113952
1776 101265
1778 778489
1780 121082
1781 1872563
1784 618552
1785 109753
1786 215991
1787 866721
1789 253572
1793 174906
1794 154071
1798 786158
1801 269342
1804 960553
1808 39105
1813 482055
1815 102058
1818 322115
1819 36182
1820 63512
1821 156345
1827 999279
1842 461288
1843 187030
1844 31924
1851 533266
1854 55631
1857 17307
1860 338232
1866 1135848
1876 344868
1877 58864
1885 26017
1889 391763
1891 277737
1893 202372
1894 50067
1898 659402
1901 1060487
1904 391221
1907 496455
1908 133620
1909 1025672
1913 289727
1915 398291
1916 283524
1918 44603
1926 372351
1927 333636
1931 294246
1933 238093
1942 126739
1944 72367
1947 27221
1951 200991
1956 210605
1961 260750
1962 123149
1964 479308
1967 402734
1968 207472
1969 111207
1976 643788
1978 302408
1982 509057
1985 295416
1992 963
1995 1977829
1998 154421
1999 271593
2000 749001
2001 410691
2002 126005
2003 460344
2004 62867
2005 342872
2012 13537
2020 430590
2023 845357
2024 598071
2025 1512846
2040 301638
2042 361853
2044 350622
2045 330740
2062 442786
2064 92988
2069 103546
2070 476422
2074 368602
2079 837873
2090 252975
2092 926833
2109 181380
2115 312270
2118 438839
2120 898275
2122 54309
2127 162365
2128 131912
2132 385111
2141 150146
2143 381119
2145 138031
2146 4518
2150 641663
2157 189095
2165 96645
2167 163526
2170 194082
2172 62279
2177 176008
2181 268810
2182 299849
2184 75525
2191 4423
2194 362788
2197 1203370
2201 600167
2202 382120
2204 9190
2207 155504
2211 35315
2216 609809
2217 366057
2224 240058
2232 47383
2235 2091171
2237 675455
2239 92822
2252 266717
2253 152198
2257 186843
2259 52524
2260 235207
2261 323177
2262 270049
2264 660680
2266 382464
2268 332342
2270 398648
2275 128737
2278 203625
2280 83453
2281 870928
2288 512933
2290 949628
2294 193930
2296 4317
2298 849439
2301 869320
2302 288753
2303 281518
2305 312123
2315 167692
2318 134440
2319 7366
2323 28317
2325 27218
2333 255746
2334 514845
2335 6505
2336 13688
2337 169847
2341 948783
2342 151662
2348 19347
2354 1839
2355 50545
2356 142370
2359 199153
2360 746085
2364 7038
2365 98470
2381 91180
2386 7259
2387 37311
2391 817638
2392 8851
2393 239368
2407 614500
2410 267050
2412 39436
2417 545795
2420 5724
2423 188769
2427 281220
2428 66937
2432 17580
2439 21190
2442 363036
2443 972710
2445 378156
2448 32974
2450 527228
2457 246184
2460 409450
2465 1157950
2473 932298
2480 40822
2483 160378
2484 217481
2492 101899
2494 688736
2497 48240
2499 611378
2501 150530
2502 746091
2517 321397
2518 332507
2521 295462
2527 320757
2535 73347
2537 511
2538 10967
2540 266574
2545 124951
2550 124190
2555 137413
2557 24573
2561 465278
2572 302918
2575 9980
2576 425353
2581 708309
2584 1294931
2589 176423
2590 358422
2603 546578
2606 181432
2607 441811
2608 423962
2610 902425
2612 438860
2614 450662
2620 927
2623 852748
2625 123752
2641 971999
2645 55424
2646 367878
2647 483408
2648 131901
2649 270241
2651 106322
2658 219784
2659 7462
2660 417789
2661 355237
2662 971742
2665 426499
2666 308791
2669 82840
2671 70665
2676 172570
2677 1091
2681 394436
2682 180598
2683 492141
2685 6018
2687 126672
2689 131342
2692 79659
2697 182018
2700 591501
2701 584632
2705 413182
2706 270876
2710 318384
2723 408019
2727 892014
2740 308519
2748 130480
2751 50012
2752 219635
2757 292867
2758 67793
2759 64961
2763 602496
2772 1102160
2777 554698
2779 504818
2780 84422
2784 611619
2785 461231
2789 1491594
2792 82623
2803 827963
2807 314446
2814 1035206
2819 322389
2822 422334
2823 129835
2826 156325
2827 630622
2831 1534374
2842 788348
2844 632322
2845 142794
2852 133097
2855 279977
2858 576694
2860 12756
2862 202264
2866 11784
2873 654339
2874 519417
2876 58960
2879 749070
2880 206296
2885 221282
2900 105962
2902 20853
2905 334076
2913 29673
2914 1018898
2915 38463
2916 398008
2918 947654
2921 59543
2924 409306
2929 16766
2931 383973
2935 86783
2936 5448
2937 669440
2942 307408
2943 199537
2944 565451
2946 534494
2952 293937
2956 20828
2958 65542
2965 422167
2966 77914
2967 551283
2968 101147
2972 377593
2973 634482
2989 1851629
2991 121058
2993 267837
2994 30770
2996 233894
2997 198246
3002 137236
3007 67148
3009 422663
3010 45642
3013 508399
3014 45147
3018 85001
3022 88517
3024 7974
3026 226885
3029 16429
3030 76816
3031 135981
3039 1396054
3041 535486
3043 151649
3045 201849
3049 28282
3050 37877
3051 251610
3052 246154
3056 226828
3059 3028
3064 191289
3068 640596
3069 635879
3071 554382
3074 327009
3075 185604
3078 518948
3079 513541
3082 128672
3083 13666
3085 278197
3094 448244
3099 501202
3101 378219
3102 1644422
3107 102376
3110 57646
3114 50436
3115 426206
3119 86198
3120 360234
3121 752029
3124 99376
3130 6724
3131 110739
3133 115659
3136 255262
3139 130537
3140 764053
3144 271267
3148 295243
3149 514846
3151 68902
3160 4446
3165 181200
3166 49476
3167 63601
3168 162080
3170 175548
3176 31128
3181 7424
3191 39743
3192 637060
3193 1177
3195 475885
3202 702489
3210 2968
3214 836841
3223 682343
3224 279516
3225 513838
3228 52863
3231 377045
3240 51129
3253 502977
3254 579789
3255 85219
3257 17105
3259 110359
3266 357542
3269 437395
3279 1112819
3280 82621
3287 52533
3288 489904
3290 29792
3291 11181
3296 411212
3308 385200
3312 1069557
3316 1060137
3317 172792
3320 199814
3321 225727
3328 134721
3329 340411
3333 470868
3334 514434
3340 800618
3342 241119
3348 101754
3350 147710
3356 304630
3357 1650
3367 485372
3370 500771
3374 505395
3394 842340
3405 406000
3408 3902
3411 88042
3414 237471
3415 1179982
3419 357811
3420 85047
3424 311456
3426 8815
3427 22865
3432 169791
3434 59327
3445 64167
3447 80618
3456 174935
3461 210777
3464 200756
3466 455057
3467 258434
3469 58659
3471 928517
3473 180338
3491 238421
3493 55141
3498 97056
3500 75853
3501 22518
3502 426053
3505 11556
3514 832947
3515 289548
3519 26333
3522 19798
3526 521427
3527 292063
3531 22465
3537 23675
3540 364065
3543 10493
3552 426700
3555 376298
3557 38669
3565 498330
3567 222097
3568 442772
3572 587904
3574 84355
3579 76348
3580 98379
3584 304018
3586 584910
3589 266688
3590 228098
3595 359342
3597 147002
3601 90024
3608 240463
3609 825033
3610 80016
3611 33877
3612 241597
3614 243345
3617 1219856
3618 90530
3619 105606
3626 7917
3628 6503
3632 268970
3636 143933
3641 47610
3643 133421
3648 449653
3649 442183
3651 105743
3655 709513
3659 118182
3662 271152
3663 2586646
3664 61892
3666 36881
3667 134297
3671 265823
3672 295124
3676 15981
3681 49641
3682 81044
3686 218225
3687 124083
3691 649845
3697 170266
3700 240541
3701 678715
3707 127113
3712 71977
3715 290550
3717 102946
3720 515833
3724 715539
3725 262216
3726 264063
3729 498219
3742 122878
3754 669134
3759 636157
3761 118203
3764 226324
3768 631760
3772 630538
3773 207300
3776 114855
3783 610217
3784 91327
3789 377060
3790 39282
3792 969049
3798 186389
3807 75085
3808 316514
3809 8994
3810 1395915
3813 82322
3817 324876
3819 630153
3823 69105
3825 163628
3826 517372
3828 261580
3833 613617
3835 449477
3836 75321
3838 433045
3840 318951
3843 561688
3848 3166
3849 217790
3850 123086
3853 389665
3861 187491
3863 420232
3866 85280
3874 264197
3876 224424
3879 288183
3884 446492
3885 285258
3891 296938
3897 1609726
3898 313983
3899 98048
3900 2008777
3903 840571
3905 810876
3907 1443032
3916 229560
3919 17719
3921 41850
3925 138013
3926 147052
3927 315142
3933 136775
3934 155653
3937 754962
3938 1471392
3940 1525769
3941 568444
3949 105112
3950 1098740
3953 554603
3956 360936
3968 126495
3969 12407
3972 451027
3973 74170
3975 273095
3977 390651
3982 636782
3988 181143
3998 474482
4002 380314
4003 336135
4017 183163
4020 392678
4021 129750
4023 49340
4025 18578
4027 93916
4030 148189
4031 55837
4038 79545
4040 435551
4044 911317
4049 134735
4051 580983
4054 16424
4063 186324
4064 358140
4066 250798
4069 189240
4070 442503
4072 444893
4075 186263
4076 539999
4079 582018
4082 135827
4083 628496
4084 464287
4096 203657
4106 76933
4111 668207
4115 156993
4117 137847
4118 6770
4122 635094
4125 223221
4129 33276
4134 465541
4136 190176
4138 489585
4144 37388
4148 699618
4149 1481
4151 728559
4153 553915
4156 463447
4162 480393
4164 593991
4165 53597
4166 645
4168 246782
4170 91574
4171 223000
4176 47409
4177 1216473
4179 60859
4181 148631
4194 128694
4195 51793
4199 390014
4203 45613
4210 233065
4212 7423
4216 278752
4217 440801
4223 559105
4224 44373
4227 38597
4231 158268
4234 96162
4238 211462
4243 306944
4247 333464
4248 517144
4250 70264
4254 420373
4255 186256
4256 24075
4257 54541
4259 710147
4262 216927
4265 37269
4267 44986
4268 56583
4269 225892
4271 428762
4273 300238
4274 80316
4278 274488
4279 58384
4280 295882
4281 107506
4282 326780
4285 864716
4292 51580
4295 1056039
4302 13614
4306 695932
4310 975885
4315 715186
4317 115769
4320 16672
4323 456996
4327 49642
4329 6714
4332 32712
4336 971010
4345 54953
4348 61534
4352 13396
4355 132202
4356 27759
4365 296060
4367 88553
4373 123516
4374 888900
4376 87413
4377 223283
4379 278926
4380 52134
4384 131602
4399 55722
4401 609380
4404 5235
4406 1072497
4407 523103
4412 45403
4418 155241
4419 212550
4422 146822
4423 628899
4426 3215
4428 580776
4431 119637
4432 90589
4433 448208
4435 249956
4436 118268
4439 78734
4440 366914
4443 341099
4444 214804
4448 250156
4453 460415
4454 17356
4458 10643
4459 196115
4460 262471
4466 1497535
4467 478263
4474 657550
4477 391015
4480 282153
4482 578154
4483 683446
4485 500107
4493 209432
4494 639041
4496 26653
4497 690499
4501 8044
4508 65091
4510 231115
4515 95762
4516 406115
4521 184721
4523 945489
4526 64084
4529 36581
4532 299999
4541 3594
4546 312687
4550 361952
4552 839003
4553 159531
4555 159161
4557 30063
4560 310045
4563 239974
4568 118688
4569 77525
4574 42660
4575 350092
4577 274377
4580 328819
4587 194711
4588 999045
4589 132233
4592 219465
4593 137799
4600 303764
4602 104651
4606 229315
4613 534165
4620 50882
4624 74076
4625 759965
4628 122548
4630 755150
4634 25231
4636 279748
4637 779913
4641 327348
4643 180030
4644 479551
4645 1129969
4647 105320
4651 103565
4656 240282
4668 57685
4670 209326
4672 452029
4677 129281
4687 630148
4689 477197
4697 507297
4699 49949
4700 414865
4702 77868
4706 151288
4707 255530
4708 76580
4710 19654
4712 102435
4727 15302
4735 84595
4741 218303
4744 44412
4745 710864
4749 204024
4752 229023
4757 91297
4769 188089
4771 183857
4775 82493
4784 778979
4798 209271
4799 37259
4801 16993
4802 588986
4804 505941
4805 1151463
4807 6426
4808 14197
4817 387995
4820 278432
4821 1037213
4831 324824
4833 39573
4846 419873
4850 530131
4854 216489
4859 484696
4861 8309
4869 250007
4870 202532
4872 363961
4878 401167
4887 7851
4889 55019
4892 61176
4898 229945
4900 105878
4901 817137
4903 22335
4904 670466
4909 64746
4911 94739
4912 482092
4915 1297137
4919 87897
4923 733859
4928 100238
4931 273401
4935 7731
4946 260864
4954 337828
4958 688198
4963 886086
4965 29331
4967 48842
4968 1464471
4973 15133
4980 79186
4986 981820
4988 551948
4992 135942
4995 816369
4996 156021
4998 66823
5005 158894
5014 701594
5021 421789
5025 751731
5029 794803
5033 242761
5037 297520
5048 370210
5055 521526
5059 608452
5066 136191
5069 230808
5074 685950
5075 359508
5080 244150
5082 301171
5084 169694
5087 161391
5090 323923
5097 802299
5098 822901
5099 569417
5101 174068
5104 350291
5108 190245
5110 318567
5111 113655
5115 171766
5117 30995
5119 3312
5120 166616
5124 1772
5126 687839
5127 446789
5131 134159
5135 132640
5137 1181966
5140 3728
5144 1768472
5146 349626
5148 657667
5150 136508
5151 139572
5156 111680
5157 78906
5158 641581
5159 592403
5162 1475189
5165 166628
5166 170320
5167 345626
5168 289606
5169 131561
5173 534773
5177 233077
5180 352132
5183 237294
5186 10263
5187 120426
5193 183932
5194 10829
5197 252606
5198 74664
5200 316665
5205 108728
5212 554067
5217 73243
5218 2526
5220 322974
5222 376677
5228 21546
5229 598076
5230 400710
5236 788634
5239 156316
5241 397429
5246 46971
5247 400342
5248 499328
5250 156209
5251 504546
5254 136192
5265 74755
5266 906900
5273 461464
5274 395746
5280 216317
5281 331412
5284 878470
5285 17373
5288 32482
5290 497158
5293 257328
5294 98077
5297 142638
5298 50628
5299 913360
5302 454143
5307 167520
5310 179453
5311 121399
5313 753866
5318 8674
5321 190659
5322 196695
5325 98019
5327 459484
5328 67169
5329 183922
5339 950185
5341 104545
5344 275328
5347 165939
5348 623603
5349 32576
5351 831886
5352 172446
5353 11023
5355 139942
5356 156180
5359 819218
5365 67222
5372 299136
5373 61881
5376 137209
5377 505068
5382 13768
5390 133711
5397 851438
5401 112927
5403 469631
5406 42218
5408 784925
5414 346348
5416 209885
5418 37736
5420 3452
5423 580482
5427 76469
5429 213192
5430 514225
5434 226204
5437 114183
5438 1040853
5441 151252
5443 74870
5445 574225
5447 291178
5449 10940
5454 72051
5456 449915
5457 157457
5463 110927
5467 77201
5470 67462
5473 133496
5475 92803
5477 10953
5479 122460
5480 529404
5482 25885
5484 344475
5487 434068
5494 485361
5496 247990
5497 354528
5498 139323
5501 3856
5504 201572
5508 199703
5515 80970
5518 164072
5519 191650
5520 248568
5527 716888
5529 4212
5530 339608
5532 151650
5538 772043
5540 524563
5541 168904
5542 490579
5545 219027
5555 45501
5556 372390
5557 855802
5561 170470
5568 22544
5570 188097
5571 163237
5572 1815724
5573 123742
5575 63864
5577 119924
5581 635846
5584 6421
5585 16617
5588 1124448
5589 482323
5593 221351
5597 1670918
5598 550906
5599 798876
5603 27417
5605 244267
5609 405034
5613 563039
5626 22725
5627 65038
5632 57935
5633 501491
5634 247825
5635 8768
5636 1116312
5638 30255
5640 697047
5647 55521
5654 909804
5655 46584
5658 74488
5660 84140
5661 295281
5662 33520
5664 29139
5665 303005
5666 524502
5667 516734
5668 485296
5669 510642
5671 419929
5673 80487
5680 203669
5683 81202
5685 226865
5689 74618
5690 164480
5691 324776
5693 320017
5694 391759
5701 31244
5702 237896
5705 434103
5706 216553
5711 263595
5712 441329
5714 63997
5718 233922
5719 58276
5728 111600
5730 346877
5732 41486
5733 887059
5735 304857
5740 817503
5742 723784
5745 487751
5748 147387
5749 47584
5751 35810
5758 193056
5759 68399
5760 88679
5766 51756
5768 490910
5769 5217
5772 237056
5777 275233
5778 45102
5781 471772
5790 356328
5798 897877
5808 176481
5813 383793
5814 242828
5822 78562
5826 233228
5827 261856
5828 254096
5835 210172
5836 73373
5838 356503
5843 16307
5844 56004
5850 317741
5857 118822
5861 359455
5862 103216
5866 657733
5870 272009
5875 195854
5876 757910
5879 525425
5881 343743
5887 198633
5891 320644
5898 374047
5900 240481
5904 464440
5907 41868
5912 68855
5914 4057
5920 228726
5921 364074
5923 17334
5927 59972
5931 55547
5932 8793
5940 107042
5944 78029
5947 97702
5951 46992
5956 436626
5964 104648
5967 916474
5968 244427
5969 97264
5970 270462
5982 256262
5986 219045
5990 156432
5991 512988
5992 230974
5994 220202
5996 224617
5999 14429
6000 95092
6002 58667
6003 296184
6004 53228
6005 178406
6009 16709
6011 1027905
6012 114272
6014 130740
6021 682885
6022 401188
6037 1147103
6040 971900
6043 73122
6046 188687
6048 322409
6050 607605
6051 116810
6059 992707
6061 265299
6065 22306
6071 890580
6077 253317
6081 1011123
6083 138997
6092 354734
6093 1158893
6097 386226
6103 682023
6107 65799
6111 211838
6112 328120
6113 165608
6121 315880
6126 1069803
6129 384551
6133 3410
6134 801826
6139 157905
6144 155586
6149 494908
6152 178780
6153 31050
6160 243264
6161 43738
6162 68126
6163 253046
6164 164974
6166 66941
6167 32957
6181 87571
6194 947059
6197 1013737
6203 810199
6213 62384
6214 309473
6224 700052
6232 546678
6234 131745
6239 867579
6243 206411
6245 193780
6246 867005
6248 498282
6252 423476
6253 588500
6256 426920
6262 275032
6264 197376
6266 358722
6279 119615
6284 219427
6288 37357
6291 80217
6294 1010130
6295 541107
6300 420440
6302 342237
6306 140445
6313 84241
6317 306739
6321 8540
6322 28938
6324 199849
6329 54749
6334 99848
6337 410916
6340 306569
6341 146346
6344 125807
6345 563878
6350 335928
6357 129700
6358 71178
6362 886209
6367 33755
6370 454264
6373 149319
6379 100797
6381 184323
6386 1397229
6389 336311
6391 128440
6392 1370099
6397 563644
6398 886318
6400 638695
6401 12828
6404 502174
6407 41637
6411 650791
6415 637220
6416 146250
6419 150726
6420 546532
6429 144877
6430 355460
6434 391738
6436 448491
6438 546580
6442 94342
6445 598891
6447 223646
6448 147327
6452 195542
6454 1024453
6459 254893
6460 41605
6461 108712
6462 25246
6467 228516
6468 610654
6470 368939
6472 529077
6477 505087
6478 479481
6480 185600
6482 170982
6483 34826
6484 326265
6486 52131
6491 505175
6501 1351375
6502 228567
6507 154549
6509 498503
6510 112740
6514 555284
6516 52250
6525 666940
6527 63925
6530 117447
6532 358592
6537 235868
6540 213239
6546 755587
6553 313382
6558 84691
6559 124449
6560 13431
6562 158058
6568 66081
6573 505067
6579 917548
6582 22439
6588 406994
6589 219594
6593 249077
6597 432505
6598 5823
6606 324584
6607 451684
6610 7675
6612 3541
6615 393691
6616 46930
6617 700379
6618 1188473
6622 342414
6624 90348
6625 1077802
6626 45199
6628 135869
6632 23692
6633 44427
6634 15018
6637 582945
6638 243296
6642 429957
6650 300815
6651 135972
6652 146724
6658 800326
6664 6064
6666 177322
6672 402413
6673 555116
6674 360444
6676 77410
6677 189877
6679 140714
6681 169181
6683 522496
6684 22
6685 55013
6697 999391
6699 443096
6701 621332
6702 643979
6703 93703
6710 769959
6715 246627
6720 259516
6723 485879
6725 161994
6726 147654
6728 138806
6729 181681
6730 57965
6736 1026146
6739 85024
6742 1459373
6744 47944
6748 238713
6749 47014
6752 166830
6754 14961
6755 228102
6757 21230
6758 146560
6759 431740
6762 49526
6763 351495
6767 337058
6768 668031
6771 381086
6772 68337
6777 525033
6781 651932
6784 245178
6785 620787
6786 385314
6787 92141
6793 860314
6796 244066
6799 46085
6801 21730
6805 1295816
6807 157638
6808 169271
6815 107557
6820 1106008
6821 97344
6822 188313
6825 194685
6838 215395
6840 154016
6842 224290
6843 612778
6846 619927
6847 265436
6850 225487
6851 368104
6852 598827
6854 49940
6855 124826
6857 89080
6858 473920
6860 1602200
6863 580180
6864 84507
6865 123165
6867 64208
6868 171318
6869 363972
6871 401802
6872 465531
6873 1243095
6876 428552
6882 68458
6890 217794
6892 365559
6894 454362
6900 379305
6903 162812
6906 289432
6916 123457
6933 471696
6940 77106
6942 756483
6943 551666
6946 86504
6952 276263
6954 378465
6961 88277
6965 1212330
6967 587628
6968 139247
6970 218477
6973 108317
6974 221094
6976 336192
6977 31109
6981 847009
6983 1072310
6984 296747
6985 261217
6992 182114
6996 398334
6997 338687
6999 202924
7002 155156
7004 564674
7008 369504
7011 235544
7018 67533
7027 1068607
7029 10713
7032 353031
7033 228431
7043 260835
7046 440266
7053 466334
7054 396113
7056 139732
7061 1571028
7062 256278
7064 756396
7068 188357
7071 1166194
7076 507973
7078 185870
7080 817849
7082 659602
7084 102187
7087 148179
7092 78518
7094 380821
7095 576685
7099 28524
7103 33703
7113 347523
7119 57895
7123 229799
7129 193812
7130 318831
7131 258929
7135 28425
7142 502365
7145 662697
7146 212096
7147 287935
7156 580716
7157 251944
7161 299438
7164 859828
7167 904938
7168 67180
7169 154526
7170 26494
7173 587742
7176 100706
7179 969301
7196 118642
7203 497703
7206 499433
7208 67793
7209 643489
7211 403217
7215 109397
7216 179454
7218 432162
7220 41481
7222 13265
7224 87389
7225 218229
7227 44108
7229 1091304
7231 745653
7232 222727
7234 335217
7235 165727
7238 241010
7243 298950
7244 1709115
7248 134474
7252 222088
7253 161935
7273 510709
7274 604204
7280 741779
7286 225572
7288 189224
7290 271928
7294 502421
7299 86754
7301 17609
7312 73184
7316 447746
7317 60977
7318 231584
7319 856599
7322 69137
7327 1124812
7333 21274
7338 131329
7341 242456
7345 342497
7348 976606
7352 110498
7358 486162
7359 129545
7368 56132
7369 459417
7375 423459
7378 178239
7380 659964
7385 37032
7389 51322
7391 264118
7393 40589
7395 877756
7396 516163
7399 131348
7401 29293
7405 156633
7411 626781
7412 34080
7413 7564
7418 297067
7421 1144334
7427 1823598
7428 80216
7429 167325
7430 764729
7431 793592
7432 33918
7435 112882
7436 349302
7439 24827
7441 615385
7443 172347
7445 381777
7457 260882
7458 506432
7460 954870
7461 126389
7464 243684
7468 60270
7470 340778
7471 153529
7472 65820
7474 272817
7476 231950
7477 346033
7479 306862
7484 188834
7487 1004919
7489 192799
7490 316571
7495 603855
7498 927063
7500 103288
7503 523822
7506 462493
7507 691811
7510 224463
7516 101485
7517 45591
7520 155601
7521 369165
7523 4337
7526 619969
7538 77359
7542 676482
7547 800636
7550 413168
7557 362812
7560 460402
7561 16583
7566 526449
7568 572164
7575 23746
7576 552738
7577 324963
7578 68260
7582 136179
7589 661501
7593 435730
7600 71619
7606 226417
7607 174072
7614 39169
7618 549320
7619 350126
7621 151874
7622 860775
7626 196681
7627 354069
7628 477676
7632 152332
7638 125998
7643 314401
7645 784237
7647 397081
7650 173801
7651 91920
7652 1219
7657 77506
7658 388761
7661 774280
7662 64603
7664 357673
7667 657007
7670 1947843
7672 1320967
7675 98064
7677 307773
7686 178024
7690 438523
7691 244171
7692 707466
7694 87974
7698 337289
7700 511341
7701 48472
7703 427413
7710 107840
7713 102795
7717 25886
7718 32876
7720 257618
7721 1008860
7724 366844
7725 315336
7728 457266
7729 451196
7730 112974
7736 250356
7742 462612
7746 208160
7748 409384
7749 171384
7756 6600
7760 435908
7762 651970
7766 719345
7767 248131
7769 53368
7775 9440
7777 1349156
7779 502023
7781 126713
7784 676261
7792 197069
7793 98906
7794 178998
7811 465762
7813 220793
7814 491012
7815 179784
7818 78117
7825 97415
7826 258828
7830 227960
7837 238213
7845 284219
7847 233849
7851 1134079
7854 33760
7857 7500
7858 339417
7861 285141
7867 1004819
7871 59341
7879 312795
7881 190829
7889 93169
7890 327434
7894 1073452
7898 278054
7899 54136
7902 1014129
7903 625195
7907 425478
7912 730213
7913 846692
7919 677053
7920 54588
7922 348654
7928 380205
7929 47414
7931 250327
7934 207953
7936 90915
7941 482533
7943 360993
7945 43497
7948 420949
7950 53028
7959 28236
7962 224236
7970 96052
7972 57378
7976 219374
7978 96300
7980 29535
7982 772705
7987 42229
7988 13625
8000 296375
8004 60900
8005 356234
8007 273166
8016 466252
8018 28698
8019 118048
8025 9152
8027 607485
8028 1139143
8037 105035
8038 314417
8042 254350
8045 77806
8051 61572
8059 276274
8060 973843
8070 379743
8071 108438
8072 18949
8073 152211
8077 492791
8078 342085
8079 4970
8083 78209
8085 74306
8086 56190
8091 190734
8092 68091
8097 535661
8098 19885
8099 297909
8101 976205
8104 492991
8105 593483
8109 49289
8110 7372
8113 187925
8116 250914
8119 81921
8120 52303
8121 163259
8123 190779
8130 56955
8133 79495
8136 553024
8138 392436
8143 97995
8144 3686
8146 125597
8147 88514
8149 169957
8150 106316
8154 646749
8160 114914
8165 118538
8168 1215758
8173 67773
8178 231207
8179 764456
8183 19901
8190 45020
8191 56190
8192 438776
8193 568537
8201 672388
8202 446118
8204 710130
8209 464056
8215 97967
8221 1203224
8223 101549
8227 256833
8231 153103
8234 697388
8235 467847
8240 66498
8249 9217
8255 40282
8268 557090
8270 174879
8275 144464
8278 774051
8279 377025
8283 117809
8285 549291
8286 581202
8293 111030
8295 50657
8296 107545
8297 594962
8299 581599
8300 559301
8303 18656
8306 192999
8311 250846
8312 1550172
8318 727375
8320 457782
8321 106366
8323 135522
8324 641166
8331 68364
8333 4384
8336 45932
8339 144698
8345 394094
8346 73901
8348 238607
8351 529548
8352 7713
8361 191491
8365 195438
8366 34108
8369 218094
8373 781305
8375 103022
8378 429470
8381 111936
8383 648869
8386 699385
8391 755231
8392 29921
8400 194185
8403 257543
8406 1296780
8407 398115
8408 349137
8409 12040
8418 274678
8419 435026
8422 398118
8423 333914
8428 54247
8429 27406
8432 269968
8434 193011
8437 432493
8438 55680
8445 157836
8449 583057
8452 529221
8456 264317
8460 493568
8462 347656
8465 287132
8466 274453
8468 189795
8469 625932
8473 701787
8479 8550
8482 356837
8484 9634
8491 404362
8495 233650
8496 75928
8503 114018
8507 409682
8509 120358
8511 1102138
8512 29344
8514 297577
8521 595008
8523 493292
8526 122267
8534 1377367
8537 287388
8543 1080957
8545 184634
8546 136081
8549 78904
8550 486123
8555 8539
8556 87173
8564 2168
8567 403367
8568 696136
8574 171844
8575 31948
8580 188673
8583 41874
8584 52398
8589 84967
8590 366111
8592 651452
8598 125767
8602 211008
8604 90752
8605 100114
8606 226371
8607 267787
8610 222245
8611 610261
8612 163796
8614 98450
8619 1440804
8624 533011
8627 768678
8632 76654
8633 611523
8634 198287
8637 129130
8640 509831
8641 476721
8644 423226
8647 72283
8649 384732
8652 80983
8654 1290417
8659 211386
8669 523812
8672 2517465
8677 212844
8682 790873
8686 358778
8688 178677
8689 55350
8692 109840
8697 161802
8698 182400
8702 133913
8704 886827
8706 468469
8708 1178318
8713 523078
8716 149962
8721 451999
8723 608772
8728 1502909
8734 234041
8735 966643
8736 46774
8737 34135
8738 252295
8739 62614
8742 279449
8744 131464
8745 429941
8750 23157
8756 634338
8757 749255
8760 1047219
8767 256805
8776 328500
8780 747992
8781 297669
8782 87447
8784 331885
8787 159152
8797 202168
8798 297568
8801 489915
8803 163819
8805 298724
8807 1104024
8808 33962
8813 513319
8815 45366
8817 384377
8818 100537
8820 275729
8822 334548
8824 36010
8836 280740
8850 372849
8851 110622
8853 269153
8854 600880
8856 417793
8858 1326171
8859 5947
8863 95847
8868 16695
8872 194738
8885 136766
8891 30532
8892 30352
8899 113081
8900 150867
8901 405232
8905 722643
8906 104958
8908 233072
8914 605792
8920 134786
8923 381469
8931 496276
8932 74502
8939 839323
8943 455
8947 84535
8948 652515
8952 114407
8957 427136
8961 164108
8965 585233
8966 515253
8972 152790
8975 292105
8980 99434
8987 1101674
8990 249857
8991 74709
8993 359640
8996 751239
9001 553370
9002 44373
9005 630335
9006 219219
9009 5037
9011 89963
9016 514890
9019 78077
9021 917009
9022 334256
9024 218880
9032 704754
9033 318606
9035 127896
9038 177954
9039 543247
9043 610824
9050 705854
9052 1322735
9057 152741
9058 894789
9059 152755
9065 492884
9066 294637
9071 327563
9072 349186
9073 401518
9076 558136
9078 507603
9080 326845
9083 446698
9084 162284
9087 284480
9100 421533
9101 811187
9107 892263
9109 109121
9112 533866
9114 153495
9118 106656
9120 632102
9122 198722
9127 80185
9132 103143
9135 5697
9144 223219
9148 146738
9153 760
9155 175879
9161 205698
9162 40947
9163 150385
9164 110690
9166 364218
9167 610903
9172 1116400
9184 223907
9188 85005
9190 429485
9194 163912
9196 537839
9200 29874
9205 268536
9210 25881
9212 118148
9213 293912
9214 437253
9222 48677
9223 18586
9226 214642
9228 129716
9229 46746
9232 499289
9233 3731
9235 1869440
9239 50679
9243 1029723
9244 6887
9245 611152
9258 354089
9259 225117
9260 119480
9265 958681
9267 220642
9273 65463
9278 306063
9281 253173
9286 231178
9289 131352
9291 633303
9293 85614
9294 232292
9304 217296
9310 50114
9312 138705
9314 1384421
9317 39559
9320 109186
9327 1323991
9331 305171
9332 25370
9333 709812
9334 98196
9335 119963
9336 154301
9339 591906
9346 291245
9351 114519
9357 347735
9362 395111
9363 124937
9364 1079993
9368 220922
9372 133882
9376 32641
9379 153946
9381 87060
9382 80520
9385 571566
9386 20753
9389 406982
9391 444272
9395 233804
9398 206920
9399 1265528
9406 930670
9407 161332
9408 428316
9410 745327
9411 142480
9412 252631
9417 227498
9418 54665
9420 714034
9422 61534
9428 511
9433 355296
9434 171523
9436 235476
9440 62541
9449 303958
9451 348162
9452 564208
9453 72736
9457 65698
9459 159798
9461 430282
9465 326947
9468 19939
9472 12209
9473 87664
9475 888193
9477 212183
9480 34124
9485 14058
9496 524141
9497 451820
9502 1093673
9506 421591
9513 260502
9517 26032
9520 191835
9524 56050
9526 253633
9531 647593
9533 545165
9539 467698
9543 18404
9544 385558
9545 188465
9550 202617
9555 69554
9556 7435
9561 13398
9562 123412
9563 349698
9570 249914
9572 123974
9573 67036
9577 128208
9582 105545
9584 881610
9590 696302
9598 5985
9600 406439
9608 916872
9612 680515
9613 99191
9614 317916
9615 432525
9622 631314
9627 166235
9628 9989
9631 1106575
9636 197067
9648 822474
9650 1020047
9651 115169
9654 1435408
9655 169093
9657 491447
9659 111872
9666 206266
9671 335194
9673 777758
9678 4325
9682 52449
9685 135434
9689 66503
9693 43295
9700 218254
9702 759061
9712 493548
9715 172277
9716 312717
9717 679241
9719 621612
9723 99202
9724 63141
9731 1412571
9733 1261929
9735 458277
9736 100774
9747 224810
9749 200519
9751 218667
9758 43603
9759 139208
9768 164958
9772 137731
9773 139235
9775 61514
9778 1027797
9779 416922
9780 12865
9782 412480
9784 153095
9790 268638
9791 20994
9794 414769
9797 139251
9802 4206
9804 213535
9805 503284
9806 822005
9817 404373
9821 136825
9822 66994
9823 21577
9825 428923
9826 175100
9834 113118
9835 78877
9840 741863
9842 240941
9843 275633
9850 115681
9856 456737
9858 280158
9864 457708
9866 283179
9870 147360
9872 219809
9877 48065
9878 239781
9879 1662645
9884 403128
9885 16968
9889 178664
9896 224612
9900 548886
9905 302378
9908 472867
9910 693229
9913 56909
9920 346278
9928 126939
9932 317322
9934 32219
9935 1419702
9941 435226
9946 849334
9949 229109
9952 53606
9958 169151
9961 258075
9962 224677
9966 505773
9971 361815
9973 448536
9976 115254
9977 1045991
9979 334629
9981 162256
9983 510044
9988 518071
9989 164275
9995 158374
9996 80755
