100000 0
6 6
32 556
51 31
54 54
57 197
79 352
100 329
109 241
147 61
154 162
156 82
194 413
200 9
234 124
254 94
265 314
269 83
283 140
290 48
420 251
434 86
444 65
550 16
584 40
593 115
619 590
638 248
644 7
655 176
680 458
688 301
704 11
730 397
736 342
762 172
770 58
778 226
797 2
831 125
835 758
839 123
854 153
857 380
878 244
901 41
933 34
960 16
999 347
1003 37
1021 61
1036 281
1062 28
1138 340
1140 6
1241 671
1265 119
1314 11
1356 124
1360 387
1361 341
1382 235
1404 329
1407 35
1424 336
1432 21
1439 37
1456 174
1457 149
1481 576
1488 410
1495 154
1531 164
1532 28
1557 89
1602 74
1611 120
1637 123
1638 122
1646 103
1672 85
1684 119
1687 361
1689 32
1695 72
1728 46
1731 355
1758 105
1796 172
1801 216
1803 42
1808 406
1862 11
1887 14
1943 95
1967 375
1971 118
1987 208
1996 114
2020 245
2056 37
2059 987
2079 278
2090 44
2100 277
2104 260
2112 73
2120 97
2126 47
2151 111
2177 192
2210 224
2223 62
2228 407
2231 286
2263 132
2304 172
2318 48
2350 154
2379 13
2422 142
2472 105
2475 187
2488 586
2496 27
2510 57
2561 330
2564 318
2579 87
2621 226
2629 465
2640 318
2642 30
2658 502
2661 73
2677 84
2678 67
2719 283
2720 77
2729 720
2740 104
2793 761
2812 86
2831 167
2847 74
2874 74
2947 40
2952 298
2960 52
2963 598
2965 86
2969 131
2981 21
3040 53
3092 209
3101 69
3103 373
3106 14
3113 40
3125 82
3136 81
3144 21
3193 324
3204 261
3205 62
3218 261
3224 34
3254 313
3264 245
3287 650
3294 65
3324 250
3334 100
3352 724
3353 23
3405 129
3448 149
3477 461
3489 67
3492 102
3525 636
3585 351
3605 277
3610 116
3631 39
3643 50
3669 103
3687 83
3690 55
3704 140
3726 44
3727 81
3802 286
3838 34
3888 41
3889 273
3893 369
3896 1309
3929 124
3942 185
3987 329
3990 225
4003 9
4005 85
4021 41
4062 92
4102 231
4108 268
4117 422
4159 403
4175 194
4180 61
4189 44
4201 62
4213 1255
4217 31
4218 38
4250 153
4274 165
4293 416
4299 221
4300 14
4347 10
4379 99
4416 259
4423 40
4470 233
4515 385
4525 59
4533 77
4555 38
4564 110
4565 148
4574 79
4582 891
4599 51
4600 26
4655 275
4683 27
4749 414
4756 26
4759 248
4762 132
4769 362
4770 34
4801 436
4868 135
4888 77
4890 324
4892 73
4900 2
4909 39
4910 27
4968 537
4976 26
4990 155
4991 23
5004 193
5008 154
5028 28
5030 57
5032 20
5078 368
5083 410
5091 469
5167 1016
5203 271
5207 106
5213 197
5214 197
5221 50
5237 71
5264 27
5276 374
5308 74
5314 668
5320 85
5334 57
5355 29
5374 87
5387 269
5399 1379
5412 54
5429 53
5433 48
5450 263
5468 4
5488 583
5511 52
5547 113
5548 245
5565 79
5566 61
5576 166
5603 6
5608 285
5613 103
5620 1517
5651 37
5681 257
5693 20
5707 24
5738 25
5741 109
5742 132
5745 235
5751 48
5759 14
5857 203
5868 144
5872 371
5900 439
5921 124
5978 582
6009 48
6035 164
6037 93
6063 6
6067 325
6071 593
6088 95
6103 16
6110 167
6118 106
6123 35
6128 58
6133 387
6170 38
6187 644
6216 183
6219 164
6239 132
6244 74
6258 62
6271 161
6279 146
6281 254
6305 421
6324 122
6326 294
6333 17
6361 609
6363 17
6375 638
6385 177
6398 253
6511 35
6537 174
6567 25
6569 142
6593 118
6625 21
6647 150
6657 200
6663 231
6700 207
6714 285
6718 526
6755 29
6767 19
6774 8
6776 98
6779 239
6816 36
6854 191
6873 52
6914 26
6921 70
6930 69
7006 148
7009 281
7020 204
7022 579
7029 92
7054 150
7081 31
7084 311
7095 26
7106 252
7107 134
7158 102
7204 32
7213 438
7222 253
7230 63
7255 806
7265 190
7298 710
7313 510
7393 103
7407 592
7408 225
7414 419
7421 343
7437 427
7494 155
7517 50
7523 575
7530 233
7565 229
7596 112
7617 181
7620 10
7640 35
7641 76
7658 564
7670 360
7687 268
7708 59
7762 86
7807 97
7830 151
7837 63
7847 79
7886 105
7888 31
7899 6
7907 72
7917 248
7929 137
7950 275
7965 388
7967 378
8011 47
8016 123
8030 480
8062 344
8066 10
8150 224
8152 94
8154 10
8206 166
8222 69
8247 128
8248 213
8249 97
8254 238
8267 37
8271 253
8277 56
8325 541
8337 92
8376 247
8398 453
8439 359
8464 149
8537 191
8559 23
8583 88
8588 330
8604 173
8624 240
8630 430
8632 160
8652 661
8657 95
8668 74
8680 482
8848 138
8856 109
8870 148
8908 64
8922 204
8924 343
8960 162
8965 486
9037 297
9040 627
9112 7
9136 112
9137 160
9143 206
9150 43
9157 124
9178 1183
9183 88
9201 201
9222 265
9236 101
9269 153
9346 1
9374 14
9396 23
9455 12
9458 138
9462 369
9463 148
9485 247
9490 497
9503 68
9518 80
9562 278
9596 35
9606 175
9609 31
9612 90
9616 132
9621 52
9644 16
9671 100
9695 512
9701 13
