0
0
0
0
0
0
0
0
0
0
0
0
0
0
0
0
0
0
0
0
0
0
0
0
0
0
0
0
0
0
0
0
0
0
0
0
0
0
0
0
0
0
0
0
0
0
0
0
0
0
0
0
0
0
0
0
0
0
0
0
6121065543
6121065543
6850298895
6173918158
7052608249
5704508638
5890484503
5423410446
7434326708
6078785267
6202404428
6177840668
7587403042
6471866093
6703494062
6033051182
8215955547
5547887121
5701968783
5217766723
6459818776
5379027513
6242788469
5612214027
6930350052
4753618041
4864768946
4516329080
5365738294
4759900011
5045371022
4688872384
6918234829
5028662507
5262946324
5041346628
5909902360
5146206041
5307684868
5141952149
6649084476
4869946091
5505997903
5324767099
6406162289
5312710095
5749402857
5601348234
6827474435
4309824875
5296390729
5235490593
6832216431
5546862642
6474039062
5746252296
7769014965
5931359046
6924730287
6181822092
7662844335
6037491924
6106517632
5590904268
8093900065
4556245554
4976820050
4029558518
4571952711
4146567868
5016176486
4826043634
6286756942
4818314016
5781681059
5372107051
6502099686
5093064414
5356631772
5069274015
6928268741
4450470957
4865843872
4367971942
5207681740
3952487969
4434068689
4167934157
5706351944
4292004057
4505660324
4175161562
4618148265
3554275164
3799041277
3628141900
6039772737
4991018649
5177142616
4841890752
6438830198
6194724848
6350272679
5596515566
7851156060
6031475307
6844267361
6325535401
7581378423
5942191058
6474583127
6100152944
9110057485
6517840189
6942049572
6195312553
7233691283
6034696142
6605560721
5996047614
8093577238
6568776668
7423405257
6579021390
7685199224
5888938848
6229700979
5320545608
7302299676
3127067730
3399413297
3256470299
4387313081
3888680236
3996643398
3471914895
5378220988
4414716147
5402202188
4494318311
4577172737
2683146084
3451295303
3391983594
6007216557
5106385140
5783102129
4876393120
6469962326
5257027693
5981020884
5366829303
6843038070
4886827196
5319977834
4759826888
5547026847
4521812638
4548949294
4476766241
6117892125
3721850345
3874008440
3362594460
4222730732
3298293775
4268147309
4100616836
5964502933
4194680486
4783429430
4014267077
4459806106
3130182180
4082409972
3720173767
5187797216
3745182055
4402515957
4203634901
5372557535
4030109918
4242458208
3489623275
4906512736
4022980603
4293849049
3618815240
5231709424
4910725551
5634398762
4790731570
8052493799
4460093185
4919806111
4620640884
5437516024
4119640186
5042115437
4779959907
6219101844
4153116903
4673666970
4326366237
4913578059
3731504422
4118892069
3629166628
5423376781
3986220629
4615445946
4305344125
5025814630
4272724832
4818452514
4320705633
5929985236
4377697401
4673314001
3993046763
5800685466
4608498339
5404013027
4457540374
8218016120
5192869222
6077159954
5619493869
6771579583
5164415466
5958678260
5676025376
6967104917
4522791790
5463787315
5450157421
6058838248
4405329982
4832193274
4476985314
5213166703
3112372350
3305926537
2963561524
4468208542
4192069838
4201846997
3677868706
4897918729
3721643985
3990168114
3380149369
4503914821
4140935269
4177156163
3778756084
7839358328
4742685868
5277574672
4630710983
6324351772
4952792106
5289989984
4307486536
5453093061
3965594538
4804415180
4490808915
5574603278
3908944030
4845244002
3915518803
5234042898
3148259755
3792874452
3439333478
4565631487
3168476511
4148848284
3471782852
4372806453
2884473858
3543309958
2800005967
2976347775
2276698607
2531986580
2387788518
4712043825
4055416523
4235232184
3530888543
5098153229
3980782932
4652181971
4056225729
5067526300
3344417776
4121682996
3452002380
4762496622
3965212935
4028709358
3116185630
5194568812
4245565318
4256879061
3338248778
4627563676
4225957005
4527474558
3568205695
5220150058
3858262816
4430632949
3773771748
5100107767
4460941151
5019835467
4078151152
7426892088
4624818741
5107787202
4502548455
5486747092
4836353872
5317871577
5295297723
5961912128
3601377634
4065212713
3972464749
4234933451
3356787577
4175495446
4010388698
5827863575
4367126368
4680282399
3835731158
5239138621
4503988253
4832191440
3835403060
5422325993
4264161618
4737169853
3787454007
4580805401
3729438416
3984098390
3746279884
6573828981
4735443942
5395857960
4928639757
6143955001
5290597735
5508670037
5161608574
6614341163
4896235501
5274581148
4814397579
5298085918
4907880039
5554003458
5535529977
7125406792
4211832003
4786100943
4626528575
5364368164
4077160205
4683594684
4055278354
5053510352
4116482873
4951250054
4850061544
6453864078
4813296365
5566272737
4936218168
9013795998
4849405986
5228685389
4656053694
5560669428
4841230119
5590550244
4949190612
6223738385
4414757046
5025025070
4107517807
5027935124
4140573252
4683912129
4255835144
7175939864
6008525637
6188962591
5639694840
7215199575
6329352596
6497916543
5617539753
7709498584
5865724860
5921440904
5400394668
5536483681
4826775823
5437304006
5360139601
7195693753
4356913907
4902159029
4079506885
4706202483
3976211913
4974997607
4444905903
6041999616
4577137121
4934267071
4333517502
5496339013
4413353724
5118077995
4213842434
7021872018
5370657667
5793164489
5682343480
6304035678
5067117618
5811398170
5650445660
7208563094
5029723803
5530000963
4955127243
6361032287
4978692853
5552544375
4763970531
7416983050
4300394069
5014994997
4955959782
6013119135
4708296281
4872980367
4375998861
5642489271
4062701354
4658441657
3793324795
5275489459
4637999988
5589097738
4872343223
6864621938
4635313913
5111123302
4355244537
5829719632
4419052781
4523978147
3660270778
5380162181
4425317779
4962153810
4044681627
4794844741
3909351775
4494558546
3795545938
7815973548
5722391678
6513355783
5550469050
6572420789
5428739904
5655133810
4923060425
6216062916
4704246340
4943728176
4627306166
5076819162
4267090094
4272662194
4089319672
5263271343
3683281237
4005830148
3449944959
4480152733
3857136750
4742451417
4267052027
6239256452
4712830921
4754224451
3901127178
5617160956
5268856381
5790589239
5073044077
5073044077
0
0
0
0
0
0
0
0
0
0
0
0
0
0
0
0
0
0
0
0
0
0
0
0
0
0
0
0
0
0
0
0
0
0
0
0
0
0
0
0
0
0
0
0
0
0
0
0
0
0
0
0
0
0
0
0
0
0
0
0
0
0
0
0
0
0
0
0
0
0
0
0
0
0
0
0
0
0
0
0
0
0
0
0
0
0
0
0
0
0
0
0
0
0
0
0
0
0
0
0
0
0
0
0
0
0
0
0
0
0
0
0
0
0
0
0
0
0
0
0
0
0
0
0
0
0
0
0
0
0
0
0
0
0
0
0
0
0
0
0
0
0
0
0
0
0
0
0
0
0
0
0
0
0
0
0
0
0
0
0
0
0
0
0
0
0
0
0
0
0
0
0
0
0
0
0
0
0
0
0
0
0
0
0
0
0
0
0
0
0
0
0
0
0
0
0
0
0
0
0
0
0
0
0
0
0
0
0
0
0
0
0
0
0
0
0
0
0
0
0
0
0
0
0
0
0
0
0
0
0
0
0
0
0
0
0
0
0
0
0
0
0
0
0
0
0
0
0
0
0
0
0
0
0
0
0
0
0
0
0
0
0
0
0
0
0
0
0
0
0
0
0
0
0
0
0
0
0
0
0
0
0
0
0
0
0
0
0
0
0
0
0
0
0
0
0
0
0
0
0
0
0
0
0
0
0
0
0
0
0
0
0
0
0
0
0
0
0
0
0
0
0
0
0
0
0
0
0
0
0
0
0
0
0
0
0
0
0
0
0
0
0
0
0
0
0
0
0
0
0
0
0
0
0
0
0
0
0
0
0
0
0
0
0
0
0
0
0
0
0
0
0
0
0
0
0
0
0
0
0
0
0
0
0
0
0
0
0
0
0
0
0
0
0
0
0
0
0
0
0
0
0
0
0
0
0
0
0
0
0
0
0
0
0
0
0
0
0
0
0
0
0
0
0
0
0
0
0
0
0
0
0
0
0
0
0
0
0
0
0
0
0
0
0
0
0
0
0
0
0
0
0
0
0
0
0
0
0
0
0
0
0
0
0
0
0
0
0
0
0
0
0
0
0
0
0
0
0
0
0
0
0
0
0
0
0
0
0
0
0
0
0
0
0
0
0
0
0
0
0
0
0
0
0
0
0
0
0
0
0
0
0
0
0
0
0
0
0
0
0
0
0
0
0
0
0
0
0
0
0
0
0
0
0
0
0
0
0
0
0
0
0
0
0
0
0
0
0
0
0
0
0
0
0
0
0
0
0
0
0
0
0
0
0
0
0
0
0
0
0
0
0
0
0
0
0
0
0
0
0
0
0
0
0
0
0
0
0
0
0
0
0
0
0
0
0
0
0
0
0
0
0
0
0
0
0
0
0
0
0
0
0
0
0
0
0
0
0
0
0
0
0
0
0
0
0
0
0
0
0
0
0
0
0
0
0
0
0
0
0
0
0
0
0
0
0
0
0
0
0
0
0
0
0
0
0
0
0
0
0
0
0
0
0
0
0
0
0
0
0
0
0
0
0
0
0
0
0
0
0
0
0
0
0
0
0
0
0
0
0
0
0
0
0
0
0
0
0
0
0
0
0
0
0
0
0
0
0
0
0
0
0
0
0
0
0
0
0
0
0
0
0
0
0
0
0
0
0
0
0
0
0
0
0
0
0
0
0
0
0
0
0
0
0
0
0
0
0
0
0
0
0
0
0
0
0
0
0
0
0
0
0
0
0
0
0
0
0
0
0
0
0
0
0
0
0
0
0
0
0
0
0
0
0
0
0
0
0
0
0
0
0
0
0
0
0
0
0
0
0
0
0
0
0
0
0
0
0
0
0
0
0
0
0
0
0
0
0
0
0
0
0
0
0
0
0
0
0
0
0
0
0
0
0
0
0
0
0
0
0
0
0
0
0
0
0
0
0
0
0
0
0
0
0
0
0
0
0
0
0
0
0
0
0
0
0
0
0
0
0
0
0
0
0
0
0
0
0
0
0
0
0
0
0
0
0
0
0
0
0
0
0
0
0
0
0
0
0
0
0
0
0
0
0
0
0
0
0
0
0
0
0
0
0
0
0
0
0
0
0
0
0
0
0
0
0
0
0
0
0
0
0
0
0
0
0
0
0
0
0
0
0
0
0
0
0
0
0
0
0
0
0
0
0
0
0
0
0
0
0
0
0
0
0
0
0
0
0
0
0
0
0
0
0
0
0
0
0
0
0
0
0
0
0
0
0
0
0
0
0
0
0
0
0
0
0
0
0
0
0
0
0
0
0
0
0
0
0
0
0
0
0
0
0
0
0
0
0
0
0
0
0
0
0
0
0
0
0
0
0
0
0
0
0
0
0
0
0
0
0
0
0
0
0
0
0
0
0
0
0
0
0
0
0
0
0
0
0
0
0
0
0
0
0
0
0
0
0
0
0
0
0
0
0
0
0
0
0
0
0
0
0
0
0
0
0
0
0
0
0
0
0
0
0
0
0
0
0
0
0
0
0
0
0
0
0
0
0
0
0
0
0
0
0
0
0
0
0
0
0
0
0
0
0
0
0
0
0
0
0
0
0
0
0
0
0
0
0
0
0
0
0
0
0
0
0
0
0
0
0
0
0
0
0
0
0
0
0
0
0
0
0
0
0
0
0
0
0
0
0
0
0
0
0
0
0
0
0
0
0
0
0
0
0
0
0
0
0
0
0
0
0
0
0
0
0
0
0
0
0
0
0
0
0
0
0
0
0
0
0
0
0
0
0
0
0
0
0
0
0
0
0
0
0
0
0
0
0
0
0
0
0
0
0
0
0
0
0
0
0
0
0
0
0
0
0
0
0
0
0
0
0
0
0
0
0
0
0
0
0
0
0
0
0
0
0
0
0
0
0
0
0
0
0
0
0
0
0
0
0
0
0
0
0
0
0
0
0
0
0
0
0
0
0
0
0
0
0
0
0
0
0
0
0
0
0
0
0
0
0
0
0
0
0
0
0
0
0
0
0
0
0
0
0
0
0
0
